add_goal: module 'ai_simulation.brain.conscious.conscious_core.goal_stream_api' has no attribute 'add_goal'
remove_goal: module 'ai_simulation.brain.conscious.conscious_core.goal_stream_api' has no attribute 'remove_goal'
clear_goals: module 'ai_simulation.brain.conscious.conscious_core.goal_stream_api' has no attribute 'clear_goals'
get_goals: module 'ai_simulation.brain.conscious.conscious_core.goal_stream_api' has no attribute 'get_goals'
update_mood: module 'ai_simulation.brain.conscious.conscious_core.mostaman' has no attribute 'update_mood'
get_mood: module 'ai_simulation.brain.conscious.conscious_core.mostaman' has no attribute 'get_mood'
push_short_term_memory: module 'ai_simulation.brain.conscious.conscious_core.stm_xai_fusion_adapter' has no attribute 'push_short_term_memory'
short_term_memories: module 'ai_simulation.brain.conscious.conscious_core.stm_xai_fusion_adapter' has no attribute 'short_term_memories'
clear_short_term_memory: module 'ai_simulation.brain.conscious.conscious_core.stm_xai_fusion_adapter' has no attribute 'clear_short_term_memory'
set_focus_stream: module 'ai_simulation.brain.conscious.conscious_core' has no attribute 'set_focus_stream'
get_focus_stream: module 'ai_simulation.brain.conscious.conscious_core' has no attribute 'get_focus_stream'
clear_focus_stream: module 'ai_simulation.brain.conscious.conscious_core' has no attribute 'clear_focus_stream'
introspect_snapshot: module 'ai_simulation.brain.conscious.conscious_core' has no attribute 'introspect_snapshot'
add_goal: module 'ai_simulation.brain.conscious.conscious_core.goal_stream_api' has no attribute 'add_goal'
remove_goal: module 'ai_simulation.brain.conscious.conscious_core.goal_stream_api' has no attribute 'remove_goal'
clear_goals: module 'ai_simulation.brain.conscious.conscious_core.goal_stream_api' has no attribute 'clear_goals'
get_goals: module 'ai_simulation.brain.conscious.conscious_core.goal_stream_api' has no attribute 'get_goals'
update_mood: module 'ai_simulation.brain.conscious.conscious_core.mostaman' has no attribute 'update_mood'
get_mood: module 'ai_simulation.brain.conscious.conscious_core.mostaman' has no attribute 'get_mood'
push_short_term_memory: module 'ai_simulation.brain.conscious.conscious_core.stm_xai_fusion_adapter' has no attribute 'push_short_term_memory'
short_term_memories: module 'ai_simulation.brain.conscious.conscious_core.stm_xai_fusion_adapter' has no attribute 'short_term_memories'
clear_short_term_memory: module 'ai_simulation.brain.conscious.conscious_core.stm_xai_fusion_adapter' has no attribute 'clear_short_term_memory'
set_focus_stream: module 'ai_simulation.brain.conscious.conscious_core' has no attribute 'set_focus_stream'
get_focus_stream: module 'ai_simulation.brain.conscious.conscious_core' has no attribute 'get_focus_stream'
clear_focus_stream: module 'ai_simulation.brain.conscious.conscious_core' has no attribute 'clear_focus_stream'
introspect_snapshot: module 'ai_simulation.brain.conscious.conscious_core' has no attribute 'introspect_snapshot'
add_goal: module 'ai_simulation.brain.conscious.conscious_core.goal_stream_api' has no attribute 'add_goal'
remove_goal: module 'ai_simulation.brain.conscious.conscious_core.goal_stream_api' has no attribute 'remove_goal'
clear_goals: module 'ai_simulation.brain.conscious.conscious_core.goal_stream_api' has no attribute 'clear_goals'
get_goals: module 'ai_simulation.brain.conscious.conscious_core.goal_stream_api' has no attribute 'get_goals'
update_mood: module 'ai_simulation.brain.conscious.conscious_core.mostaman' has no attribute 'update_mood'
get_mood: module 'ai_simulation.brain.conscious.conscious_core.mostaman' has no attribute 'get_mood'
push_short_term_memory: module 'ai_simulation.brain.conscious.conscious_core.stm_xai_fusion_adapter' has no attribute 'push_short_term_memory'
short_term_memories: module 'ai_simulation.brain.conscious.conscious_core.stm_xai_fusion_adapter' has no attribute 'short_term_memories'
clear_short_term_memory: module 'ai_simulation.brain.conscious.conscious_core.stm_xai_fusion_adapter' has no attribute 'clear_short_term_memory'
set_focus_stream: module 'ai_simulation.brain.conscious.conscious_core' has no attribute 'set_focus_stream'
get_focus_stream: module 'ai_simulation.brain.conscious.conscious_core' has no attribute 'get_focus_stream'
clear_focus_stream: module 'ai_simulation.brain.conscious.conscious_core' has no attribute 'clear_focus_stream'
introspect_snapshot: module 'ai_simulation.brain.conscious.conscious_core' has no attribute 'introspect_snapshot'
add_goal: module 'ai_simulation.brain.conscious.conscious_core.goal_stream_api' has no attribute 'add_goal'
remove_goal: module 'ai_simulation.brain.conscious.conscious_core.goal_stream_api' has no attribute 'remove_goal'
clear_goals: module 'ai_simulation.brain.conscious.conscious_core.goal_stream_api' has no attribute 'clear_goals'
get_goals: module 'ai_simulation.brain.conscious.conscious_core.goal_stream_api' has no attribute 'get_goals'
update_mood: module 'ai_simulation.brain.conscious.conscious_core.mostaman' has no attribute 'update_mood'
get_mood: module 'ai_simulation.brain.conscious.conscious_core.mostaman' has no attribute 'get_mood'
push_short_term_memory: module 'ai_simulation.brain.conscious.conscious_core.stm_xai_fusion_adapter' has no attribute 'push_short_term_memory'
short_term_memories: module 'ai_simulation.brain.conscious.conscious_core.stm_xai_fusion_adapter' has no attribute 'short_term_memories'
clear_short_term_memory: module 'ai_simulation.brain.conscious.conscious_core.stm_xai_fusion_adapter' has no attribute 'clear_short_term_memory'
set_focus_stream: module 'ai_simulation.brain.conscious.conscious_core' has no attribute 'set_focus_stream'
get_focus_stream: module 'ai_simulation.brain.conscious.conscious_core' has no attribute 'get_focus_stream'
clear_focus_stream: module 'ai_simulation.brain.conscious.conscious_core' has no attribute 'clear_focus_stream'
introspect_snapshot: module 'ai_simulation.brain.conscious.conscious_core' has no attribute 'introspect_snapshot'
add_goal: module 'ai_simulation.brain.conscious.conscious_core.goal_stream_api' has no attribute 'add_goal'
remove_goal: module 'ai_simulation.brain.conscious.conscious_core.goal_stream_api' has no attribute 'remove_goal'
clear_goals: module 'ai_simulation.brain.conscious.conscious_core.goal_stream_api' has no attribute 'clear_goals'
get_goals: module 'ai_simulation.brain.conscious.conscious_core.goal_stream_api' has no attribute 'get_goals'
update_mood: module 'ai_simulation.brain.conscious.conscious_core.mostaman' has no attribute 'update_mood'
get_mood: module 'ai_simulation.brain.conscious.conscious_core.mostaman' has no attribute 'get_mood'
push_short_term_memory: module 'ai_simulation.brain.conscious.conscious_core.stm_xai_fusion_adapter' has no attribute 'push_short_term_memory'
short_term_memories: module 'ai_simulation.brain.conscious.conscious_core.stm_xai_fusion_adapter' has no attribute 'short_term_memories'
clear_short_term_memory: module 'ai_simulation.brain.conscious.conscious_core.stm_xai_fusion_adapter' has no attribute 'clear_short_term_memory'
set_focus_stream: module 'ai_simulation.brain.conscious.conscious_core' has no attribute 'set_focus_stream'
get_focus_stream: module 'ai_simulation.brain.conscious.conscious_core' has no attribute 'get_focus_stream'
clear_focus_stream: module 'ai_simulation.brain.conscious.conscious_core' has no attribute 'clear_focus_stream'
introspect_snapshot: module 'ai_simulation.brain.conscious.conscious_core' has no attribute 'introspect_snapshot'
add_goal: module 'ai_simulation.brain.conscious.conscious_core.goal_stream_api' has no attribute 'add_goal'
remove_goal: module 'ai_simulation.brain.conscious.conscious_core.goal_stream_api' has no attribute 'remove_goal'
clear_goals: module 'ai_simulation.brain.conscious.conscious_core.goal_stream_api' has no attribute 'clear_goals'
get_goals: module 'ai_simulation.brain.conscious.conscious_core.goal_stream_api' has no attribute 'get_goals'
update_mood: module 'ai_simulation.brain.conscious.conscious_core.mostaman' has no attribute 'update_mood'
get_mood: module 'ai_simulation.brain.conscious.conscious_core.mostaman' has no attribute 'get_mood'
push_short_term_memory: module 'ai_simulation.brain.conscious.conscious_core.stm_xai_fusion_adapter' has no attribute 'push_short_term_memory'
short_term_memories: module 'ai_simulation.brain.conscious.conscious_core.stm_xai_fusion_adapter' has no attribute 'short_term_memories'
clear_short_term_memory: module 'ai_simulation.brain.conscious.conscious_core.stm_xai_fusion_adapter' has no attribute 'clear_short_term_memory'
set_focus_stream: module 'ai_simulation.brain.conscious.conscious_core' has no attribute 'set_focus_stream'
get_focus_stream: module 'ai_simulation.brain.conscious.conscious_core' has no attribute 'get_focus_stream'
clear_focus_stream: module 'ai_simulation.brain.conscious.conscious_core' has no attribute 'clear_focus_stream'
introspect_snapshot: module 'ai_simulation.brain.conscious.conscious_core' has no attribute 'introspect_snapshot'
add_goal: module 'ai_simulation.brain.conscious.conscious_core.goal_stream_api' has no attribute 'add_goal'
remove_goal: module 'ai_simulation.brain.conscious.conscious_core.goal_stream_api' has no attribute 'remove_goal'
clear_goals: module 'ai_simulation.brain.conscious.conscious_core.goal_stream_api' has no attribute 'clear_goals'
get_goals: module 'ai_simulation.brain.conscious.conscious_core.goal_stream_api' has no attribute 'get_goals'
update_mood: module 'ai_simulation.brain.conscious.conscious_core.mostaman' has no attribute 'update_mood'
get_mood: module 'ai_simulation.brain.conscious.conscious_core.mostaman' has no attribute 'get_mood'
push_short_term_memory: module 'ai_simulation.brain.conscious.conscious_core.stm_xai_fusion_adapter' has no attribute 'push_short_term_memory'
short_term_memories: module 'ai_simulation.brain.conscious.conscious_core.stm_xai_fusion_adapter' has no attribute 'short_term_memories'
clear_short_term_memory: module 'ai_simulation.brain.conscious.conscious_core.stm_xai_fusion_adapter' has no attribute 'clear_short_term_memory'
set_focus_stream: module 'ai_simulation.brain.conscious.conscious_core' has no attribute 'set_focus_stream'
get_focus_stream: module 'ai_simulation.brain.conscious.conscious_core' has no attribute 'get_focus_stream'
clear_focus_stream: module 'ai_simulation.brain.conscious.conscious_core' has no attribute 'clear_focus_stream'
introspect_snapshot: module 'ai_simulation.brain.conscious.conscious_core' has no attribute 'introspect_snapshot'
add_goal: module 'ai_simulation.brain.conscious.conscious_core.goal_stream_api' has no attribute 'add_goal'
remove_goal: module 'ai_simulation.brain.conscious.conscious_core.goal_stream_api' has no attribute 'remove_goal'
clear_goals: module 'ai_simulation.brain.conscious.conscious_core.goal_stream_api' has no attribute 'clear_goals'
get_goals: module 'ai_simulation.brain.conscious.conscious_core.goal_stream_api' has no attribute 'get_goals'
update_mood: module 'ai_simulation.brain.conscious.conscious_core.mostaman' has no attribute 'update_mood'
get_mood: module 'ai_simulation.brain.conscious.conscious_core.mostaman' has no attribute 'get_mood'
push_short_term_memory: module 'ai_simulation.brain.conscious.conscious_core.stm_xai_fusion_adapter' has no attribute 'push_short_term_memory'
short_term_memories: module 'ai_simulation.brain.conscious.conscious_core.stm_xai_fusion_adapter' has no attribute 'short_term_memories'
clear_short_term_memory: module 'ai_simulation.brain.conscious.conscious_core.stm_xai_fusion_adapter' has no attribute 'clear_short_term_memory'
set_focus_stream: module 'ai_simulation.brain.conscious.conscious_core' has no attribute 'set_focus_stream'
get_focus_stream: module 'ai_simulation.brain.conscious.conscious_core' has no attribute 'get_focus_stream'
clear_focus_stream: module 'ai_simulation.brain.conscious.conscious_core' has no attribute 'clear_focus_stream'
introspect_snapshot: module 'ai_simulation.brain.conscious.conscious_core' has no attribute 'introspect_snapshot'
add_goal: module 'ai_simulation.brain.conscious.conscious_core.goal_stream_api' has no attribute 'add_goal'
remove_goal: module 'ai_simulation.brain.conscious.conscious_core.goal_stream_api' has no attribute 'remove_goal'
clear_goals: module 'ai_simulation.brain.conscious.conscious_core.goal_stream_api' has no attribute 'clear_goals'
get_goals: module 'ai_simulation.brain.conscious.conscious_core.goal_stream_api' has no attribute 'get_goals'
update_mood: module 'ai_simulation.brain.conscious.conscious_core.mostaman' has no attribute 'update_mood'
get_mood: module 'ai_simulation.brain.conscious.conscious_core.mostaman' has no attribute 'get_mood'
push_short_term_memory: module 'ai_simulation.brain.conscious.conscious_core.stm_xai_fusion_adapter' has no attribute 'push_short_term_memory'
short_term_memories: module 'ai_simulation.brain.conscious.conscious_core.stm_xai_fusion_adapter' has no attribute 'short_term_memories'
clear_short_term_memory: module 'ai_simulation.brain.conscious.conscious_core.stm_xai_fusion_adapter' has no attribute 'clear_short_term_memory'
set_focus_stream: module 'ai_simulation.brain.conscious.conscious_core' has no attribute 'set_focus_stream'
get_focus_stream: module 'ai_simulation.brain.conscious.conscious_core' has no attribute 'get_focus_stream'
clear_focus_stream: module 'ai_simulation.brain.conscious.conscious_core' has no attribute 'clear_focus_stream'
introspect_snapshot: module 'ai_simulation.brain.conscious.conscious_core' has no attribute 'introspect_snapshot'
add_goal: module 'ai_simulation.brain.conscious.conscious_core.goal_stream_api' has no attribute 'add_goal'
remove_goal: module 'ai_simulation.brain.conscious.conscious_core.goal_stream_api' has no attribute 'remove_goal'
clear_goals: module 'ai_simulation.brain.conscious.conscious_core.goal_stream_api' has no attribute 'clear_goals'
get_goals: module 'ai_simulation.brain.conscious.conscious_core.goal_stream_api' has no attribute 'get_goals'
update_mood: module 'ai_simulation.brain.conscious.conscious_core.mostaman' has no attribute 'update_mood'
get_mood: module 'ai_simulation.brain.conscious.conscious_core.mostaman' has no attribute 'get_mood'
push_short_term_memory: module 'ai_simulation.brain.conscious.conscious_core.stm_xai_fusion_adapter' has no attribute 'push_short_term_memory'
short_term_memories: module 'ai_simulation.brain.conscious.conscious_core.stm_xai_fusion_adapter' has no attribute 'short_term_memories'
clear_short_term_memory: module 'ai_simulation.brain.conscious.conscious_core.stm_xai_fusion_adapter' has no attribute 'clear_short_term_memory'
set_focus_stream: module 'ai_simulation.brain.conscious.conscious_core' has no attribute 'set_focus_stream'
get_focus_stream: module 'ai_simulation.brain.conscious.conscious_core' has no attribute 'get_focus_stream'
clear_focus_stream: module 'ai_simulation.brain.conscious.conscious_core' has no attribute 'clear_focus_stream'
introspect_snapshot: module 'ai_simulation.brain.conscious.conscious_core' has no attribute 'introspect_snapshot'
add_goal: module 'ai_simulation.brain.conscious.conscious_core.goal_stream_api' has no attribute 'add_goal'
remove_goal: module 'ai_simulation.brain.conscious.conscious_core.goal_stream_api' has no attribute 'remove_goal'
clear_goals: module 'ai_simulation.brain.conscious.conscious_core.goal_stream_api' has no attribute 'clear_goals'
get_goals: module 'ai_simulation.brain.conscious.conscious_core.goal_stream_api' has no attribute 'get_goals'
update_mood: module 'ai_simulation.brain.conscious.conscious_core.mostaman' has no attribute 'update_mood'
get_mood: module 'ai_simulation.brain.conscious.conscious_core.mostaman' has no attribute 'get_mood'
push_short_term_memory: module 'ai_simulation.brain.conscious.conscious_core.stm_xai_fusion_adapter' has no attribute 'push_short_term_memory'
short_term_memories: module 'ai_simulation.brain.conscious.conscious_core.stm_xai_fusion_adapter' has no attribute 'short_term_memories'
clear_short_term_memory: module 'ai_simulation.brain.conscious.conscious_core.stm_xai_fusion_adapter' has no attribute 'clear_short_term_memory'
set_focus_stream: module 'ai_simulation.brain.conscious.conscious_core' has no attribute 'set_focus_stream'
get_focus_stream: module 'ai_simulation.brain.conscious.conscious_core' has no attribute 'get_focus_stream'
clear_focus_stream: module 'ai_simulation.brain.conscious.conscious_core' has no attribute 'clear_focus_stream'
introspect_snapshot: module 'ai_simulation.brain.conscious.conscious_core' has no attribute 'introspect_snapshot'
add_goal: module 'ai_simulation.brain.conscious.conscious_core.goal_stream_api' has no attribute 'add_goal'
remove_goal: module 'ai_simulation.brain.conscious.conscious_core.goal_stream_api' has no attribute 'remove_goal'
clear_goals: module 'ai_simulation.brain.conscious.conscious_core.goal_stream_api' has no attribute 'clear_goals'
get_goals: module 'ai_simulation.brain.conscious.conscious_core.goal_stream_api' has no attribute 'get_goals'
update_mood: module 'ai_simulation.brain.conscious.conscious_core.mostaman' has no attribute 'update_mood'
get_mood: module 'ai_simulation.brain.conscious.conscious_core.mostaman' has no attribute 'get_mood'
push_short_term_memory: module 'ai_simulation.brain.conscious.conscious_core.stm_xai_fusion_adapter' has no attribute 'push_short_term_memory'
short_term_memories: module 'ai_simulation.brain.conscious.conscious_core.stm_xai_fusion_adapter' has no attribute 'short_term_memories'
clear_short_term_memory: module 'ai_simulation.brain.conscious.conscious_core.stm_xai_fusion_adapter' has no attribute 'clear_short_term_memory'
set_focus_stream: module 'ai_simulation.brain.conscious.conscious_core' has no attribute 'set_focus_stream'
get_focus_stream: module 'ai_simulation.brain.conscious.conscious_core' has no attribute 'get_focus_stream'
clear_focus_stream: module 'ai_simulation.brain.conscious.conscious_core' has no attribute 'clear_focus_stream'
introspect_snapshot: module 'ai_simulation.brain.conscious.conscious_core' has no attribute 'introspect_snapshot'
add_goal: module 'ai_simulation.brain.conscious.conscious_core.goal_stream_api' has no attribute 'add_goal'
remove_goal: module 'ai_simulation.brain.conscious.conscious_core.goal_stream_api' has no attribute 'remove_goal'
clear_goals: module 'ai_simulation.brain.conscious.conscious_core.goal_stream_api' has no attribute 'clear_goals'
get_goals: module 'ai_simulation.brain.conscious.conscious_core.goal_stream_api' has no attribute 'get_goals'
update_mood: module 'ai_simulation.brain.conscious.conscious_core.mostaman' has no attribute 'update_mood'
get_mood: module 'ai_simulation.brain.conscious.conscious_core.mostaman' has no attribute 'get_mood'
push_short_term_memory: module 'ai_simulation.brain.conscious.conscious_core.stm_xai_fusion_adapter' has no attribute 'push_short_term_memory'
short_term_memories: module 'ai_simulation.brain.conscious.conscious_core.stm_xai_fusion_adapter' has no attribute 'short_term_memories'
clear_short_term_memory: module 'ai_simulation.brain.conscious.conscious_core.stm_xai_fusion_adapter' has no attribute 'clear_short_term_memory'
set_focus_stream: module 'ai_simulation.brain.conscious.conscious_core' has no attribute 'set_focus_stream'
get_focus_stream: module 'ai_simulation.brain.conscious.conscious_core' has no attribute 'get_focus_stream'
clear_focus_stream: module 'ai_simulation.brain.conscious.conscious_core' has no attribute 'clear_focus_stream'
introspect_snapshot: module 'ai_simulation.brain.conscious.conscious_core' has no attribute 'introspect_snapshot'
add_goal: module 'ai_simulation.brain.conscious.conscious_core.goal_stream_api' has no attribute 'add_goal'
remove_goal: module 'ai_simulation.brain.conscious.conscious_core.goal_stream_api' has no attribute 'remove_goal'
clear_goals: module 'ai_simulation.brain.conscious.conscious_core.goal_stream_api' has no attribute 'clear_goals'
get_goals: module 'ai_simulation.brain.conscious.conscious_core.goal_stream_api' has no attribute 'get_goals'
update_mood: module 'ai_simulation.brain.conscious.conscious_core.mostaman' has no attribute 'update_mood'
get_mood: module 'ai_simulation.brain.conscious.conscious_core.mostaman' has no attribute 'get_mood'
push_short_term_memory: module 'ai_simulation.brain.conscious.conscious_core.stm_xai_fusion_adapter' has no attribute 'push_short_term_memory'
short_term_memories: module 'ai_simulation.brain.conscious.conscious_core.stm_xai_fusion_adapter' has no attribute 'short_term_memories'
clear_short_term_memory: module 'ai_simulation.brain.conscious.conscious_core.stm_xai_fusion_adapter' has no attribute 'clear_short_term_memory'
set_focus_stream: module 'ai_simulation.brain.conscious.conscious_core' has no attribute 'set_focus_stream'
get_focus_stream: module 'ai_simulation.brain.conscious.conscious_core' has no attribute 'get_focus_stream'
clear_focus_stream: module 'ai_simulation.brain.conscious.conscious_core' has no attribute 'clear_focus_stream'
introspect_snapshot: module 'ai_simulation.brain.conscious.conscious_core' has no attribute 'introspect_snapshot'
add_goal: module 'ai_simulation.brain.conscious.conscious_core.goal_stream_api' has no attribute 'add_goal'
remove_goal: module 'ai_simulation.brain.conscious.conscious_core.goal_stream_api' has no attribute 'remove_goal'
clear_goals: module 'ai_simulation.brain.conscious.conscious_core.goal_stream_api' has no attribute 'clear_goals'
get_goals: module 'ai_simulation.brain.conscious.conscious_core.goal_stream_api' has no attribute 'get_goals'
update_mood: module 'ai_simulation.brain.conscious.conscious_core.mostaman' has no attribute 'update_mood'
get_mood: module 'ai_simulation.brain.conscious.conscious_core.mostaman' has no attribute 'get_mood'
push_short_term_memory: module 'ai_simulation.brain.conscious.conscious_core.stm_xai_fusion_adapter' has no attribute 'push_short_term_memory'
short_term_memories: module 'ai_simulation.brain.conscious.conscious_core.stm_xai_fusion_adapter' has no attribute 'short_term_memories'
clear_short_term_memory: module 'ai_simulation.brain.conscious.conscious_core.stm_xai_fusion_adapter' has no attribute 'clear_short_term_memory'
set_focus_stream: module 'ai_simulation.brain.conscious.conscious_core' has no attribute 'set_focus_stream'
get_focus_stream: module 'ai_simulation.brain.conscious.conscious_core' has no attribute 'get_focus_stream'
clear_focus_stream: module 'ai_simulation.brain.conscious.conscious_core' has no attribute 'clear_focus_stream'
introspect_snapshot: module 'ai_simulation.brain.conscious.conscious_core' has no attribute 'introspect_snapshot'
add_goal: module 'ai_simulation.brain.conscious.conscious_core.goal_stream_api' has no attribute 'add_goal'
remove_goal: module 'ai_simulation.brain.conscious.conscious_core.goal_stream_api' has no attribute 'remove_goal'
clear_goals: module 'ai_simulation.brain.conscious.conscious_core.goal_stream_api' has no attribute 'clear_goals'
get_goals: module 'ai_simulation.brain.conscious.conscious_core.goal_stream_api' has no attribute 'get_goals'
update_mood: module 'ai_simulation.brain.conscious.conscious_core.mostaman' has no attribute 'update_mood'
get_mood: module 'ai_simulation.brain.conscious.conscious_core.mostaman' has no attribute 'get_mood'
push_short_term_memory: module 'ai_simulation.brain.conscious.conscious_core.stm_xai_fusion_adapter' has no attribute 'push_short_term_memory'
short_term_memories: module 'ai_simulation.brain.conscious.conscious_core.stm_xai_fusion_adapter' has no attribute 'short_term_memories'
clear_short_term_memory: module 'ai_simulation.brain.conscious.conscious_core.stm_xai_fusion_adapter' has no attribute 'clear_short_term_memory'
set_focus_stream: module 'ai_simulation.brain.conscious.conscious_core' has no attribute 'set_focus_stream'
get_focus_stream: module 'ai_simulation.brain.conscious.conscious_core' has no attribute 'get_focus_stream'
clear_focus_stream: module 'ai_simulation.brain.conscious.conscious_core' has no attribute 'clear_focus_stream'
introspect_snapshot: module 'ai_simulation.brain.conscious.conscious_core' has no attribute 'introspect_snapshot'
add_goal: module 'ai_simulation.brain.conscious.conscious_core.goal_stream_api' has no attribute 'add_goal'
remove_goal: module 'ai_simulation.brain.conscious.conscious_core.goal_stream_api' has no attribute 'remove_goal'
clear_goals: module 'ai_simulation.brain.conscious.conscious_core.goal_stream_api' has no attribute 'clear_goals'
get_goals: module 'ai_simulation.brain.conscious.conscious_core.goal_stream_api' has no attribute 'get_goals'
update_mood: module 'ai_simulation.brain.conscious.conscious_core.mostaman' has no attribute 'update_mood'
get_mood: module 'ai_simulation.brain.conscious.conscious_core.mostaman' has no attribute 'get_mood'
push_short_term_memory: module 'ai_simulation.brain.conscious.conscious_core.stm_xai_fusion_adapter' has no attribute 'push_short_term_memory'
short_term_memories: module 'ai_simulation.brain.conscious.conscious_core.stm_xai_fusion_adapter' has no attribute 'short_term_memories'
clear_short_term_memory: module 'ai_simulation.brain.conscious.conscious_core.stm_xai_fusion_adapter' has no attribute 'clear_short_term_memory'
set_focus_stream: module 'ai_simulation.brain.conscious.conscious_core' has no attribute 'set_focus_stream'
get_focus_stream: module 'ai_simulation.brain.conscious.conscious_core' has no attribute 'get_focus_stream'
clear_focus_stream: module 'ai_simulation.brain.conscious.conscious_core' has no attribute 'clear_focus_stream'
introspect_snapshot: module 'ai_simulation.brain.conscious.conscious_core' has no attribute 'introspect_snapshot'
add_goal: module 'ai_simulation.brain.conscious.conscious_core.goal_stream_api' has no attribute 'add_goal'
remove_goal: module 'ai_simulation.brain.conscious.conscious_core.goal_stream_api' has no attribute 'remove_goal'
clear_goals: module 'ai_simulation.brain.conscious.conscious_core.goal_stream_api' has no attribute 'clear_goals'
get_goals: module 'ai_simulation.brain.conscious.conscious_core.goal_stream_api' has no attribute 'get_goals'
update_mood: module 'ai_simulation.brain.conscious.conscious_core.mostaman' has no attribute 'update_mood'
get_mood: module 'ai_simulation.brain.conscious.conscious_core.mostaman' has no attribute 'get_mood'
push_short_term_memory: module 'ai_simulation.brain.conscious.conscious_core.stm_xai_fusion_adapter' has no attribute 'push_short_term_memory'
short_term_memories: module 'ai_simulation.brain.conscious.conscious_core.stm_xai_fusion_adapter' has no attribute 'short_term_memories'
clear_short_term_memory: module 'ai_simulation.brain.conscious.conscious_core.stm_xai_fusion_adapter' has no attribute 'clear_short_term_memory'
set_focus_stream: module 'ai_simulation.brain.conscious.conscious_core' has no attribute 'set_focus_stream'
get_focus_stream: module 'ai_simulation.brain.conscious.conscious_core' has no attribute 'get_focus_stream'
clear_focus_stream: module 'ai_simulation.brain.conscious.conscious_core' has no attribute 'clear_focus_stream'
introspect_snapshot: module 'ai_simulation.brain.conscious.conscious_core' has no attribute 'introspect_snapshot'
add_goal: module 'ai_simulation.brain.conscious.conscious_core.goal_stream_api' has no attribute 'add_goal'
remove_goal: module 'ai_simulation.brain.conscious.conscious_core.goal_stream_api' has no attribute 'remove_goal'
clear_goals: module 'ai_simulation.brain.conscious.conscious_core.goal_stream_api' has no attribute 'clear_goals'
get_goals: module 'ai_simulation.brain.conscious.conscious_core.goal_stream_api' has no attribute 'get_goals'
update_mood: module 'ai_simulation.brain.conscious.conscious_core.mostaman' has no attribute 'update_mood'
get_mood: module 'ai_simulation.brain.conscious.conscious_core.mostaman' has no attribute 'get_mood'
push_short_term_memory: module 'ai_simulation.brain.conscious.conscious_core.stm_xai_fusion_adapter' has no attribute 'push_short_term_memory'
short_term_memories: module 'ai_simulation.brain.conscious.conscious_core.stm_xai_fusion_adapter' has no attribute 'short_term_memories'
clear_short_term_memory: module 'ai_simulation.brain.conscious.conscious_core.stm_xai_fusion_adapter' has no attribute 'clear_short_term_memory'
set_focus_stream: module 'ai_simulation.brain.conscious.conscious_core' has no attribute 'set_focus_stream'
get_focus_stream: module 'ai_simulation.brain.conscious.conscious_core' has no attribute 'get_focus_stream'
clear_focus_stream: module 'ai_simulation.brain.conscious.conscious_core' has no attribute 'clear_focus_stream'
introspect_snapshot: module 'ai_simulation.brain.conscious.conscious_core' has no attribute 'introspect_snapshot'
add_goal: module 'ai_simulation.brain.conscious.conscious_core.goal_stream_api' has no attribute 'add_goal'
remove_goal: module 'ai_simulation.brain.conscious.conscious_core.goal_stream_api' has no attribute 'remove_goal'
clear_goals: module 'ai_simulation.brain.conscious.conscious_core.goal_stream_api' has no attribute 'clear_goals'
get_goals: module 'ai_simulation.brain.conscious.conscious_core.goal_stream_api' has no attribute 'get_goals'
update_mood: module 'ai_simulation.brain.conscious.conscious_core.mostaman' has no attribute 'update_mood'
get_mood: module 'ai_simulation.brain.conscious.conscious_core.mostaman' has no attribute 'get_mood'
push_short_term_memory: module 'ai_simulation.brain.conscious.conscious_core.stm_xai_fusion_adapter' has no attribute 'push_short_term_memory'
short_term_memories: module 'ai_simulation.brain.conscious.conscious_core.stm_xai_fusion_adapter' has no attribute 'short_term_memories'
clear_short_term_memory: module 'ai_simulation.brain.conscious.conscious_core.stm_xai_fusion_adapter' has no attribute 'clear_short_term_memory'
set_focus_stream: module 'ai_simulation.brain.conscious.conscious_core' has no attribute 'set_focus_stream'
get_focus_stream: module 'ai_simulation.brain.conscious.conscious_core' has no attribute 'get_focus_stream'
clear_focus_stream: module 'ai_simulation.brain.conscious.conscious_core' has no attribute 'clear_focus_stream'
introspect_snapshot: module 'ai_simulation.brain.conscious.conscious_core' has no attribute 'introspect_snapshot'
add_goal: module 'ai_simulation.brain.conscious.conscious_core.goal_stream_api' has no attribute 'add_goal'
remove_goal: module 'ai_simulation.brain.conscious.conscious_core.goal_stream_api' has no attribute 'remove_goal'
clear_goals: module 'ai_simulation.brain.conscious.conscious_core.goal_stream_api' has no attribute 'clear_goals'
get_goals: module 'ai_simulation.brain.conscious.conscious_core.goal_stream_api' has no attribute 'get_goals'
update_mood: module 'ai_simulation.brain.conscious.conscious_core.mostaman' has no attribute 'update_mood'
get_mood: module 'ai_simulation.brain.conscious.conscious_core.mostaman' has no attribute 'get_mood'
push_short_term_memory: module 'ai_simulation.brain.conscious.conscious_core.stm_xai_fusion_adapter' has no attribute 'push_short_term_memory'
short_term_memories: module 'ai_simulation.brain.conscious.conscious_core.stm_xai_fusion_adapter' has no attribute 'short_term_memories'
clear_short_term_memory: module 'ai_simulation.brain.conscious.conscious_core.stm_xai_fusion_adapter' has no attribute 'clear_short_term_memory'
set_focus_stream: module 'ai_simulation.brain.conscious.conscious_core' has no attribute 'set_focus_stream'
get_focus_stream: module 'ai_simulation.brain.conscious.conscious_core' has no attribute 'get_focus_stream'
clear_focus_stream: module 'ai_simulation.brain.conscious.conscious_core' has no attribute 'clear_focus_stream'
introspect_snapshot: module 'ai_simulation.brain.conscious.conscious_core' has no attribute 'introspect_snapshot'
add_goal: module 'ai_simulation.brain.conscious.conscious_core.goal_stream_api' has no attribute 'add_goal'
remove_goal: module 'ai_simulation.brain.conscious.conscious_core.goal_stream_api' has no attribute 'remove_goal'
clear_goals: module 'ai_simulation.brain.conscious.conscious_core.goal_stream_api' has no attribute 'clear_goals'
get_goals: module 'ai_simulation.brain.conscious.conscious_core.goal_stream_api' has no attribute 'get_goals'
update_mood: module 'ai_simulation.brain.conscious.conscious_core.mostaman' has no attribute 'update_mood'
get_mood: module 'ai_simulation.brain.conscious.conscious_core.mostaman' has no attribute 'get_mood'
push_short_term_memory: module 'ai_simulation.brain.conscious.conscious_core.stm_xai_fusion_adapter' has no attribute 'push_short_term_memory'
short_term_memories: module 'ai_simulation.brain.conscious.conscious_core.stm_xai_fusion_adapter' has no attribute 'short_term_memories'
clear_short_term_memory: module 'ai_simulation.brain.conscious.conscious_core.stm_xai_fusion_adapter' has no attribute 'clear_short_term_memory'
set_focus_stream: module 'ai_simulation.brain.conscious.conscious_core' has no attribute 'set_focus_stream'
get_focus_stream: module 'ai_simulation.brain.conscious.conscious_core' has no attribute 'get_focus_stream'
clear_focus_stream: module 'ai_simulation.brain.conscious.conscious_core' has no attribute 'clear_focus_stream'
introspect_snapshot: module 'ai_simulation.brain.conscious.conscious_core' has no attribute 'introspect_snapshot'
add_goal: module 'ai_simulation.brain.conscious.conscious_core.goal_stream_api' has no attribute 'add_goal'
remove_goal: module 'ai_simulation.brain.conscious.conscious_core.goal_stream_api' has no attribute 'remove_goal'
clear_goals: module 'ai_simulation.brain.conscious.conscious_core.goal_stream_api' has no attribute 'clear_goals'
get_goals: module 'ai_simulation.brain.conscious.conscious_core.goal_stream_api' has no attribute 'get_goals'
update_mood: module 'ai_simulation.brain.conscious.conscious_core.mostaman' has no attribute 'update_mood'
get_mood: module 'ai_simulation.brain.conscious.conscious_core.mostaman' has no attribute 'get_mood'
push_short_term_memory: module 'ai_simulation.brain.conscious.conscious_core.stm_xai_fusion_adapter' has no attribute 'push_short_term_memory'
short_term_memories: module 'ai_simulation.brain.conscious.conscious_core.stm_xai_fusion_adapter' has no attribute 'short_term_memories'
clear_short_term_memory: module 'ai_simulation.brain.conscious.conscious_core.stm_xai_fusion_adapter' has no attribute 'clear_short_term_memory'
set_focus_stream: module 'ai_simulation.brain.conscious.conscious_core' has no attribute 'set_focus_stream'
get_focus_stream: module 'ai_simulation.brain.conscious.conscious_core' has no attribute 'get_focus_stream'
clear_focus_stream: module 'ai_simulation.brain.conscious.conscious_core' has no attribute 'clear_focus_stream'
introspect_snapshot: module 'ai_simulation.brain.conscious.conscious_core' has no attribute 'introspect_snapshot'
add_goal: module 'ai_simulation.brain.conscious.conscious_core.goal_stream_api' has no attribute 'add_goal'
remove_goal: module 'ai_simulation.brain.conscious.conscious_core.goal_stream_api' has no attribute 'remove_goal'
clear_goals: module 'ai_simulation.brain.conscious.conscious_core.goal_stream_api' has no attribute 'clear_goals'
get_goals: module 'ai_simulation.brain.conscious.conscious_core.goal_stream_api' has no attribute 'get_goals'
update_mood: module 'ai_simulation.brain.conscious.conscious_core.mostaman' has no attribute 'update_mood'
get_mood: module 'ai_simulation.brain.conscious.conscious_core.mostaman' has no attribute 'get_mood'
push_short_term_memory: module 'ai_simulation.brain.conscious.conscious_core.stm_xai_fusion_adapter' has no attribute 'push_short_term_memory'
short_term_memories: module 'ai_simulation.brain.conscious.conscious_core.stm_xai_fusion_adapter' has no attribute 'short_term_memories'
clear_short_term_memory: module 'ai_simulation.brain.conscious.conscious_core.stm_xai_fusion_adapter' has no attribute 'clear_short_term_memory'
set_focus_stream: module 'ai_simulation.brain.conscious.conscious_core' has no attribute 'set_focus_stream'
get_focus_stream: module 'ai_simulation.brain.conscious.conscious_core' has no attribute 'get_focus_stream'
clear_focus_stream: module 'ai_simulation.brain.conscious.conscious_core' has no attribute 'clear_focus_stream'
introspect_snapshot: module 'ai_simulation.brain.conscious.conscious_core' has no attribute 'introspect_snapshot'
add_goal: module 'ai_simulation.brain.conscious.conscious_core.goal_stream_api' has no attribute 'add_goal'
remove_goal: module 'ai_simulation.brain.conscious.conscious_core.goal_stream_api' has no attribute 'remove_goal'
clear_goals: module 'ai_simulation.brain.conscious.conscious_core.goal_stream_api' has no attribute 'clear_goals'
get_goals: module 'ai_simulation.brain.conscious.conscious_core.goal_stream_api' has no attribute 'get_goals'
update_mood: module 'ai_simulation.brain.conscious.conscious_core.mostaman' has no attribute 'update_mood'
get_mood: module 'ai_simulation.brain.conscious.conscious_core.mostaman' has no attribute 'get_mood'
push_short_term_memory: module 'ai_simulation.brain.conscious.conscious_core.stm_xai_fusion_adapter' has no attribute 'push_short_term_memory'
short_term_memories: module 'ai_simulation.brain.conscious.conscious_core.stm_xai_fusion_adapter' has no attribute 'short_term_memories'
clear_short_term_memory: module 'ai_simulation.brain.conscious.conscious_core.stm_xai_fusion_adapter' has no attribute 'clear_short_term_memory'
set_focus_stream: module 'ai_simulation.brain.conscious.conscious_core' has no attribute 'set_focus_stream'
get_focus_stream: module 'ai_simulation.brain.conscious.conscious_core' has no attribute 'get_focus_stream'
clear_focus_stream: module 'ai_simulation.brain.conscious.conscious_core' has no attribute 'clear_focus_stream'
introspect_snapshot: module 'ai_simulation.brain.conscious.conscious_core' has no attribute 'introspect_snapshot'
add_goal: module 'ai_simulation.brain.conscious.conscious_core.goal_stream_api' has no attribute 'add_goal'
remove_goal: module 'ai_simulation.brain.conscious.conscious_core.goal_stream_api' has no attribute 'remove_goal'
clear_goals: module 'ai_simulation.brain.conscious.conscious_core.goal_stream_api' has no attribute 'clear_goals'
get_goals: module 'ai_simulation.brain.conscious.conscious_core.goal_stream_api' has no attribute 'get_goals'
update_mood: module 'ai_simulation.brain.conscious.conscious_core.mostaman' has no attribute 'update_mood'
get_mood: module 'ai_simulation.brain.conscious.conscious_core.mostaman' has no attribute 'get_mood'
push_short_term_memory: module 'ai_simulation.brain.conscious.conscious_core.stm_xai_fusion_adapter' has no attribute 'push_short_term_memory'
short_term_memories: module 'ai_simulation.brain.conscious.conscious_core.stm_xai_fusion_adapter' has no attribute 'short_term_memories'
clear_short_term_memory: module 'ai_simulation.brain.conscious.conscious_core.stm_xai_fusion_adapter' has no attribute 'clear_short_term_memory'
set_focus_stream: module 'ai_simulation.brain.conscious.conscious_core' has no attribute 'set_focus_stream'
get_focus_stream: module 'ai_simulation.brain.conscious.conscious_core' has no attribute 'get_focus_stream'
clear_focus_stream: module 'ai_simulation.brain.conscious.conscious_core' has no attribute 'clear_focus_stream'
introspect_snapshot: module 'ai_simulation.brain.conscious.conscious_core' has no attribute 'introspect_snapshot'
add_goal: module 'ai_simulation.brain.conscious.conscious_core.goal_stream_api' has no attribute 'add_goal'
remove_goal: module 'ai_simulation.brain.conscious.conscious_core.goal_stream_api' has no attribute 'remove_goal'
clear_goals: module 'ai_simulation.brain.conscious.conscious_core.goal_stream_api' has no attribute 'clear_goals'
get_goals: module 'ai_simulation.brain.conscious.conscious_core.goal_stream_api' has no attribute 'get_goals'
update_mood: module 'ai_simulation.brain.conscious.conscious_core.mostaman' has no attribute 'update_mood'
get_mood: module 'ai_simulation.brain.conscious.conscious_core.mostaman' has no attribute 'get_mood'
push_short_term_memory: module 'ai_simulation.brain.conscious.conscious_core.stm_xai_fusion_adapter' has no attribute 'push_short_term_memory'
short_term_memories: module 'ai_simulation.brain.conscious.conscious_core.stm_xai_fusion_adapter' has no attribute 'short_term_memories'
clear_short_term_memory: module 'ai_simulation.brain.conscious.conscious_core.stm_xai_fusion_adapter' has no attribute 'clear_short_term_memory'
set_focus_stream: module 'ai_simulation.brain.conscious.conscious_core' has no attribute 'set_focus_stream'
get_focus_stream: module 'ai_simulation.brain.conscious.conscious_core' has no attribute 'get_focus_stream'
clear_focus_stream: module 'ai_simulation.brain.conscious.conscious_core' has no attribute 'clear_focus_stream'
introspect_snapshot: module 'ai_simulation.brain.conscious.conscious_core' has no attribute 'introspect_snapshot'
add_goal: module 'ai_simulation.brain.conscious.conscious_core.goal_stream_api' has no attribute 'add_goal'
remove_goal: module 'ai_simulation.brain.conscious.conscious_core.goal_stream_api' has no attribute 'remove_goal'
clear_goals: module 'ai_simulation.brain.conscious.conscious_core.goal_stream_api' has no attribute 'clear_goals'
get_goals: module 'ai_simulation.brain.conscious.conscious_core.goal_stream_api' has no attribute 'get_goals'
update_mood: module 'ai_simulation.brain.conscious.conscious_core.mostaman' has no attribute 'update_mood'
get_mood: module 'ai_simulation.brain.conscious.conscious_core.mostaman' has no attribute 'get_mood'
push_short_term_memory: module 'ai_simulation.brain.conscious.conscious_core.stm_xai_fusion_adapter' has no attribute 'push_short_term_memory'
short_term_memories: module 'ai_simulation.brain.conscious.conscious_core.stm_xai_fusion_adapter' has no attribute 'short_term_memories'
clear_short_term_memory: module 'ai_simulation.brain.conscious.conscious_core.stm_xai_fusion_adapter' has no attribute 'clear_short_term_memory'
set_focus_stream: module 'ai_simulation.brain.conscious.conscious_core' has no attribute 'set_focus_stream'
get_focus_stream: module 'ai_simulation.brain.conscious.conscious_core' has no attribute 'get_focus_stream'
clear_focus_stream: module 'ai_simulation.brain.conscious.conscious_core' has no attribute 'clear_focus_stream'
introspect_snapshot: module 'ai_simulation.brain.conscious.conscious_core' has no attribute 'introspect_snapshot'
add_goal: module 'ai_simulation.brain.conscious.conscious_core.goal_stream_api' has no attribute 'add_goal'
remove_goal: module 'ai_simulation.brain.conscious.conscious_core.goal_stream_api' has no attribute 'remove_goal'
clear_goals: module 'ai_simulation.brain.conscious.conscious_core.goal_stream_api' has no attribute 'clear_goals'
get_goals: module 'ai_simulation.brain.conscious.conscious_core.goal_stream_api' has no attribute 'get_goals'
update_mood: module 'ai_simulation.brain.conscious.conscious_core.mostaman' has no attribute 'update_mood'
get_mood: module 'ai_simulation.brain.conscious.conscious_core.mostaman' has no attribute 'get_mood'
push_short_term_memory: module 'ai_simulation.brain.conscious.conscious_core.stm_xai_fusion_adapter' has no attribute 'push_short_term_memory'
short_term_memories: module 'ai_simulation.brain.conscious.conscious_core.stm_xai_fusion_adapter' has no attribute 'short_term_memories'
clear_short_term_memory: module 'ai_simulation.brain.conscious.conscious_core.stm_xai_fusion_adapter' has no attribute 'clear_short_term_memory'
set_focus_stream: module 'ai_simulation.brain.conscious.conscious_core' has no attribute 'set_focus_stream'
get_focus_stream: module 'ai_simulation.brain.conscious.conscious_core' has no attribute 'get_focus_stream'
clear_focus_stream: module 'ai_simulation.brain.conscious.conscious_core' has no attribute 'clear_focus_stream'
introspect_snapshot: module 'ai_simulation.brain.conscious.conscious_core' has no attribute 'introspect_snapshot'
add_goal: module 'ai_simulation.brain.conscious.conscious_core.goal_stream_api' has no attribute 'add_goal'
remove_goal: module 'ai_simulation.brain.conscious.conscious_core.goal_stream_api' has no attribute 'remove_goal'
clear_goals: module 'ai_simulation.brain.conscious.conscious_core.goal_stream_api' has no attribute 'clear_goals'
get_goals: module 'ai_simulation.brain.conscious.conscious_core.goal_stream_api' has no attribute 'get_goals'
update_mood: module 'ai_simulation.brain.conscious.conscious_core.mostaman' has no attribute 'update_mood'
get_mood: module 'ai_simulation.brain.conscious.conscious_core.mostaman' has no attribute 'get_mood'
push_short_term_memory: module 'ai_simulation.brain.conscious.conscious_core.stm_xai_fusion_adapter' has no attribute 'push_short_term_memory'
short_term_memories: module 'ai_simulation.brain.conscious.conscious_core.stm_xai_fusion_adapter' has no attribute 'short_term_memories'
clear_short_term_memory: module 'ai_simulation.brain.conscious.conscious_core.stm_xai_fusion_adapter' has no attribute 'clear_short_term_memory'
set_focus_stream: module 'ai_simulation.brain.conscious.conscious_core' has no attribute 'set_focus_stream'
get_focus_stream: module 'ai_simulation.brain.conscious.conscious_core' has no attribute 'get_focus_stream'
clear_focus_stream: module 'ai_simulation.brain.conscious.conscious_core' has no attribute 'clear_focus_stream'
introspect_snapshot: module 'ai_simulation.brain.conscious.conscious_core' has no attribute 'introspect_snapshot'
add_goal: module 'ai_simulation.brain.conscious.conscious_core.goal_stream_api' has no attribute 'add_goal'
remove_goal: module 'ai_simulation.brain.conscious.conscious_core.goal_stream_api' has no attribute 'remove_goal'
clear_goals: module 'ai_simulation.brain.conscious.conscious_core.goal_stream_api' has no attribute 'clear_goals'
get_goals: module 'ai_simulation.brain.conscious.conscious_core.goal_stream_api' has no attribute 'get_goals'
update_mood: module 'ai_simulation.brain.conscious.conscious_core.mostaman' has no attribute 'update_mood'
get_mood: module 'ai_simulation.brain.conscious.conscious_core.mostaman' has no attribute 'get_mood'
push_short_term_memory: module 'ai_simulation.brain.conscious.conscious_core.stm_xai_fusion_adapter' has no attribute 'push_short_term_memory'
short_term_memories: module 'ai_simulation.brain.conscious.conscious_core.stm_xai_fusion_adapter' has no attribute 'short_term_memories'
clear_short_term_memory: module 'ai_simulation.brain.conscious.conscious_core.stm_xai_fusion_adapter' has no attribute 'clear_short_term_memory'
set_focus_stream: module 'ai_simulation.brain.conscious.conscious_core' has no attribute 'set_focus_stream'
get_focus_stream: module 'ai_simulation.brain.conscious.conscious_core' has no attribute 'get_focus_stream'
clear_focus_stream: module 'ai_simulation.brain.conscious.conscious_core' has no attribute 'clear_focus_stream'
introspect_snapshot: module 'ai_simulation.brain.conscious.conscious_core' has no attribute 'introspect_snapshot'
add_goal: module 'ai_simulation.brain.conscious.conscious_core.goal_stream_api' has no attribute 'add_goal'
remove_goal: module 'ai_simulation.brain.conscious.conscious_core.goal_stream_api' has no attribute 'remove_goal'
clear_goals: module 'ai_simulation.brain.conscious.conscious_core.goal_stream_api' has no attribute 'clear_goals'
get_goals: module 'ai_simulation.brain.conscious.conscious_core.goal_stream_api' has no attribute 'get_goals'
update_mood: module 'ai_simulation.brain.conscious.conscious_core.mostaman' has no attribute 'update_mood'
get_mood: module 'ai_simulation.brain.conscious.conscious_core.mostaman' has no attribute 'get_mood'
push_short_term_memory: module 'ai_simulation.brain.conscious.conscious_core.stm_xai_fusion_adapter' has no attribute 'push_short_term_memory'
short_term_memories: module 'ai_simulation.brain.conscious.conscious_core.stm_xai_fusion_adapter' has no attribute 'short_term_memories'
clear_short_term_memory: module 'ai_simulation.brain.conscious.conscious_core.stm_xai_fusion_adapter' has no attribute 'clear_short_term_memory'
set_focus_stream: module 'ai_simulation.brain.conscious.conscious_core' has no attribute 'set_focus_stream'
get_focus_stream: module 'ai_simulation.brain.conscious.conscious_core' has no attribute 'get_focus_stream'
clear_focus_stream: module 'ai_simulation.brain.conscious.conscious_core' has no attribute 'clear_focus_stream'
introspect_snapshot: module 'ai_simulation.brain.conscious.conscious_core' has no attribute 'introspect_snapshot'
add_goal: module 'ai_simulation.brain.conscious.conscious_core.goal_stream_api' has no attribute 'add_goal'
remove_goal: module 'ai_simulation.brain.conscious.conscious_core.goal_stream_api' has no attribute 'remove_goal'
clear_goals: module 'ai_simulation.brain.conscious.conscious_core.goal_stream_api' has no attribute 'clear_goals'
get_goals: module 'ai_simulation.brain.conscious.conscious_core.goal_stream_api' has no attribute 'get_goals'
update_mood: module 'ai_simulation.brain.conscious.conscious_core.mostaman' has no attribute 'update_mood'
get_mood: module 'ai_simulation.brain.conscious.conscious_core.mostaman' has no attribute 'get_mood'
push_short_term_memory: module 'ai_simulation.brain.conscious.conscious_core.stm_xai_fusion_adapter' has no attribute 'push_short_term_memory'
short_term_memories: module 'ai_simulation.brain.conscious.conscious_core.stm_xai_fusion_adapter' has no attribute 'short_term_memories'
clear_short_term_memory: module 'ai_simulation.brain.conscious.conscious_core.stm_xai_fusion_adapter' has no attribute 'clear_short_term_memory'
set_focus_stream: module 'ai_simulation.brain.conscious.conscious_core' has no attribute 'set_focus_stream'
get_focus_stream: module 'ai_simulation.brain.conscious.conscious_core' has no attribute 'get_focus_stream'
clear_focus_stream: module 'ai_simulation.brain.conscious.conscious_core' has no attribute 'clear_focus_stream'
introspect_snapshot: module 'ai_simulation.brain.conscious.conscious_core' has no attribute 'introspect_snapshot'
add_goal: module 'ai_simulation.brain.conscious.conscious_core.goal_stream_api' has no attribute 'add_goal'
remove_goal: module 'ai_simulation.brain.conscious.conscious_core.goal_stream_api' has no attribute 'remove_goal'
clear_goals: module 'ai_simulation.brain.conscious.conscious_core.goal_stream_api' has no attribute 'clear_goals'
get_goals: module 'ai_simulation.brain.conscious.conscious_core.goal_stream_api' has no attribute 'get_goals'
update_mood: module 'ai_simulation.brain.conscious.conscious_core.mostaman' has no attribute 'update_mood'
get_mood: module 'ai_simulation.brain.conscious.conscious_core.mostaman' has no attribute 'get_mood'
push_short_term_memory: module 'ai_simulation.brain.conscious.conscious_core.stm_xai_fusion_adapter' has no attribute 'push_short_term_memory'
short_term_memories: module 'ai_simulation.brain.conscious.conscious_core.stm_xai_fusion_adapter' has no attribute 'short_term_memories'
clear_short_term_memory: module 'ai_simulation.brain.conscious.conscious_core.stm_xai_fusion_adapter' has no attribute 'clear_short_term_memory'
set_focus_stream: module 'ai_simulation.brain.conscious.conscious_core' has no attribute 'set_focus_stream'
get_focus_stream: module 'ai_simulation.brain.conscious.conscious_core' has no attribute 'get_focus_stream'
clear_focus_stream: module 'ai_simulation.brain.conscious.conscious_core' has no attribute 'clear_focus_stream'
introspect_snapshot: module 'ai_simulation.brain.conscious.conscious_core' has no attribute 'introspect_snapshot'
add_goal: module 'ai_simulation.brain.conscious.conscious_core.goal_stream_api' has no attribute 'add_goal'
remove_goal: module 'ai_simulation.brain.conscious.conscious_core.goal_stream_api' has no attribute 'remove_goal'
clear_goals: module 'ai_simulation.brain.conscious.conscious_core.goal_stream_api' has no attribute 'clear_goals'
get_goals: module 'ai_simulation.brain.conscious.conscious_core.goal_stream_api' has no attribute 'get_goals'
update_mood: module 'ai_simulation.brain.conscious.conscious_core.mostaman' has no attribute 'update_mood'
get_mood: module 'ai_simulation.brain.conscious.conscious_core.mostaman' has no attribute 'get_mood'
push_short_term_memory: module 'ai_simulation.brain.conscious.conscious_core.stm_xai_fusion_adapter' has no attribute 'push_short_term_memory'
short_term_memories: module 'ai_simulation.brain.conscious.conscious_core.stm_xai_fusion_adapter' has no attribute 'short_term_memories'
clear_short_term_memory: module 'ai_simulation.brain.conscious.conscious_core.stm_xai_fusion_adapter' has no attribute 'clear_short_term_memory'
set_focus_stream: module 'ai_simulation.brain.conscious.conscious_core' has no attribute 'set_focus_stream'
get_focus_stream: module 'ai_simulation.brain.conscious.conscious_core' has no attribute 'get_focus_stream'
clear_focus_stream: module 'ai_simulation.brain.conscious.conscious_core' has no attribute 'clear_focus_stream'
introspect_snapshot: module 'ai_simulation.brain.conscious.conscious_core' has no attribute 'introspect_snapshot'
add_goal: module 'ai_simulation.brain.conscious.conscious_core.goal_stream_api' has no attribute 'add_goal'
remove_goal: module 'ai_simulation.brain.conscious.conscious_core.goal_stream_api' has no attribute 'remove_goal'
clear_goals: module 'ai_simulation.brain.conscious.conscious_core.goal_stream_api' has no attribute 'clear_goals'
get_goals: module 'ai_simulation.brain.conscious.conscious_core.goal_stream_api' has no attribute 'get_goals'
update_mood: module 'ai_simulation.brain.conscious.conscious_core.mostaman' has no attribute 'update_mood'
get_mood: module 'ai_simulation.brain.conscious.conscious_core.mostaman' has no attribute 'get_mood'
push_short_term_memory: module 'ai_simulation.brain.conscious.conscious_core.stm_xai_fusion_adapter' has no attribute 'push_short_term_memory'
short_term_memories: module 'ai_simulation.brain.conscious.conscious_core.stm_xai_fusion_adapter' has no attribute 'short_term_memories'
clear_short_term_memory: module 'ai_simulation.brain.conscious.conscious_core.stm_xai_fusion_adapter' has no attribute 'clear_short_term_memory'
set_focus_stream: module 'ai_simulation.brain.conscious.conscious_core' has no attribute 'set_focus_stream'
get_focus_stream: module 'ai_simulation.brain.conscious.conscious_core' has no attribute 'get_focus_stream'
clear_focus_stream: module 'ai_simulation.brain.conscious.conscious_core' has no attribute 'clear_focus_stream'
introspect_snapshot: module 'ai_simulation.brain.conscious.conscious_core' has no attribute 'introspect_snapshot'
add_goal: module 'ai_simulation.brain.conscious.conscious_core.goal_stream_api' has no attribute 'add_goal'
remove_goal: module 'ai_simulation.brain.conscious.conscious_core.goal_stream_api' has no attribute 'remove_goal'
clear_goals: module 'ai_simulation.brain.conscious.conscious_core.goal_stream_api' has no attribute 'clear_goals'
get_goals: module 'ai_simulation.brain.conscious.conscious_core.goal_stream_api' has no attribute 'get_goals'
update_mood: module 'ai_simulation.brain.conscious.conscious_core.mostaman' has no attribute 'update_mood'
get_mood: module 'ai_simulation.brain.conscious.conscious_core.mostaman' has no attribute 'get_mood'
push_short_term_memory: module 'ai_simulation.brain.conscious.conscious_core.stm_xai_fusion_adapter' has no attribute 'push_short_term_memory'
short_term_memories: module 'ai_simulation.brain.conscious.conscious_core.stm_xai_fusion_adapter' has no attribute 'short_term_memories'
clear_short_term_memory: module 'ai_simulation.brain.conscious.conscious_core.stm_xai_fusion_adapter' has no attribute 'clear_short_term_memory'
set_focus_stream: module 'ai_simulation.brain.conscious.conscious_core' has no attribute 'set_focus_stream'
get_focus_stream: module 'ai_simulation.brain.conscious.conscious_core' has no attribute 'get_focus_stream'
clear_focus_stream: module 'ai_simulation.brain.conscious.conscious_core' has no attribute 'clear_focus_stream'
introspect_snapshot: module 'ai_simulation.brain.conscious.conscious_core' has no attribute 'introspect_snapshot'
add_goal: module 'ai_simulation.brain.conscious.conscious_core.goal_stream_api' has no attribute 'add_goal'
remove_goal: module 'ai_simulation.brain.conscious.conscious_core.goal_stream_api' has no attribute 'remove_goal'
clear_goals: module 'ai_simulation.brain.conscious.conscious_core.goal_stream_api' has no attribute 'clear_goals'
get_goals: module 'ai_simulation.brain.conscious.conscious_core.goal_stream_api' has no attribute 'get_goals'
update_mood: module 'ai_simulation.brain.conscious.conscious_core.mostaman' has no attribute 'update_mood'
get_mood: module 'ai_simulation.brain.conscious.conscious_core.mostaman' has no attribute 'get_mood'
push_short_term_memory: module 'ai_simulation.brain.conscious.conscious_core.stm_xai_fusion_adapter' has no attribute 'push_short_term_memory'
short_term_memories: module 'ai_simulation.brain.conscious.conscious_core.stm_xai_fusion_adapter' has no attribute 'short_term_memories'
clear_short_term_memory: module 'ai_simulation.brain.conscious.conscious_core.stm_xai_fusion_adapter' has no attribute 'clear_short_term_memory'
set_focus_stream: module 'ai_simulation.brain.conscious.conscious_core' has no attribute 'set_focus_stream'
get_focus_stream: module 'ai_simulation.brain.conscious.conscious_core' has no attribute 'get_focus_stream'
clear_focus_stream: module 'ai_simulation.brain.conscious.conscious_core' has no attribute 'clear_focus_stream'
introspect_snapshot: module 'ai_simulation.brain.conscious.conscious_core' has no attribute 'introspect_snapshot'
